<?xml version="1.0" encoding="UTF-8"?>
<testng-results ignored="0" total="1" passed="1" failed="0" skipped="0">
  <reporter-output>
  </reporter-output>
  <suite started-at="2024-04-10T18:47:39 IST" name="Suite" finished-at="2024-04-10T18:47:39 IST" duration-ms="53">
    <groups>
    </groups>
    <test started-at="2024-04-10T18:47:39 IST" name="Test" finished-at="2024-04-10T18:47:39 IST" duration-ms="53">
      <class name="dpack.test1">
        <test-method is-config="true" signature="BeforeClass()[pri:0, instance:dpack.test1@7a419da4]" started-at="2024-04-10T18:47:39 IST" name="BeforeClass" finished-at="2024-04-10T18:47:39 IST" duration-ms="11" status="PASS">
          <reporter-output>
          </reporter-output>
        </test-method> <!-- BeforeClass -->
        <test-method is-config="true" signature="login()[pri:0, instance:dpack.test1@7a419da4]" started-at="2024-04-10T18:47:39 IST" name="login" finished-at="2024-04-10T18:47:39 IST" duration-ms="0" status="PASS">
          <reporter-output>
          </reporter-output>
        </test-method> <!-- login -->
        <test-method signature="f()[pri:0, instance:dpack.test1@7a419da4]" started-at="2024-04-10T18:47:39 IST" name="f" finished-at="2024-04-10T18:47:39 IST" duration-ms="6" status="PASS">
          <reporter-output>
          </reporter-output>
        </test-method> <!-- f -->
        <test-method is-config="true" signature="logout()[pri:0, instance:dpack.test1@7a419da4]" started-at="2024-04-10T18:47:39 IST" name="logout" finished-at="2024-04-10T18:47:39 IST" duration-ms="1" status="PASS">
          <reporter-output>
          </reporter-output>
        </test-method> <!-- logout -->
        <test-method is-config="true" signature="Afterclass()[pri:0, instance:dpack.test1@7a419da4]" started-at="2024-04-10T18:47:39 IST" name="Afterclass" finished-at="2024-04-10T18:47:39 IST" duration-ms="0" status="PASS">
          <reporter-output>
          </reporter-output>
        </test-method> <!-- Afterclass -->
      </class> <!-- dpack.test1 -->
    </test> <!-- Test -->
  </suite> <!-- Suite -->
</testng-results>
